<?xml version="1.0" encoding="UTF-8"?>
<testsuite xmlns:xsi="http://www.w3.org/2001/XMLSchema-instance" xsi:noNamespaceSchemaLocation="https://maven.apache.org/surefire/maven-surefire-plugin/xsd/surefire-test-report.xsd" name="org.pdxfinder.graph.dao.MarkerAssociationTest" time="0.031" tests="1" errors="0" skipped="0" failures="0">
  <properties>
[...]
</properties>
  <testcase name="Given_MarkerAssociation_When_EncodeIsCalled_Then_DataInRightFormat" classname="org.pdxfinder.graph.dao.MarkerAssociationTest" time="0.03"/>
</testsuite>